<?xml version="1.0" encoding="UTF-8"?>
<!-- Generated by org.testng.reporters.JUnitXMLReporter -->
<testsuite hostname="ADMINRG-8TM2G52" name="GetResponseBodyTest" tests="4" failures="0" timestamp="28 Aug 2021 11:54:49 GMT" time="4.229" errors="0">
  <testcase name="firstEmailTest" time="0.751" classname="ReqResAPIAutomation.firstDataTest"/>
  <testcase name="firstName" time="0.05" classname="ReqResAPIAutomation.firstDataTest"/>
  <testcase name="lastName" time="0.026" classname="ReqResAPIAutomation.firstDataTest"/>
  <testcase name="pageTest" time="0.033" classname="ReqResAPIAutomation.firstDataTest"/>
</testsuite> <!-- GetResponseBodyTest -->
