<?xml version="1.0" encoding="UTF-8"?>
<!-- Generated by org.testng.reporters.JUnitXMLReporter -->
<testsuite hostname="ADMINRG-8TM2G52" name="Test" tests="4" failures="0" timestamp="28 Aug 2021 10:46:52 GMT" time="4.695" errors="0">
  <testcase name="firstEmailTest" time="0.654" classname="ReqResAPIAutomation.firstDataTest"/>
  <testcase name="firstName" time="0.033" classname="ReqResAPIAutomation.firstDataTest"/>
  <testcase name="lastName" time="0.026" classname="ReqResAPIAutomation.firstDataTest"/>
  <testcase name="pageTest" time="0.04" classname="ReqResAPIAutomation.firstDataTest"/>
</testsuite> <!-- Test -->
