<?xml version="1.0" encoding="UTF-8"?>
<testng-results skipped="0" failed="0" total="1" passed="1">
  <reporter-output>
  </reporter-output>
  <suite name="Default suite" duration-ms="5273" started-at="2021-08-30T10:15:40Z" finished-at="2021-08-30T10:15:45Z">
    <groups>
    </groups>
    <test name="Default test" duration-ms="5273" started-at="2021-08-30T10:15:40Z" finished-at="2021-08-30T10:15:45Z">
      <class name="SerialiazablePOJO.serialiazablePostTest">
        <test-method status="PASS" signature="postTest()[pri:0, instance:SerialiazablePOJO.serialiazablePostTest@d8355a8]" name="postTest" duration-ms="5224" started-at="2021-08-30T03:15:40Z" finished-at="2021-08-30T03:15:45Z">
          <reporter-output>
          </reporter-output>
        </test-method> <!-- postTest -->
      </class> <!-- SerialiazablePOJO.serialiazablePostTest -->
    </test> <!-- Default test -->
  </suite> <!-- Default suite -->
</testng-results>
